nohup: ignoring input
  0%|          | 0/9263 [00:00<?, ?it/s]  0%|          | 5/9263 [00:00<12:21, 12.48it/s]  0%|          | 10/9263 [00:13<3:53:58,  1.52s/it]  0%|          | 15/9263 [00:31<6:21:35,  2.48s/it]  0%|          | 20/9263 [00:54<8:39:41,  3.37s/it]  0%|          | 25/9263 [01:14<9:12:02,  3.59s/it]  0%|          | 30/9263 [01:43<11:10:48,  4.36s/it]  0%|          | 35/9263 [01:57<9:49:12,  3.83s/it]   0%|          | 40/9263 [02:22<10:46:38,  4.21s/it]  0%|          | 45/9263 [02:40<10:13:13,  3.99s/it]  1%|          | 50/9263 [03:09<11:44:35,  4.59s/it]  1%|          | 55/9263 [03:27<10:52:12,  4.25s/it]  1%|          | 60/9263 [03:50<11:11:07,  4.38s/it]  1%|          | 65/9263 [04:16<11:48:00,  4.62s/it]  1%|          | 70/9263 [04:38<11:40:53,  4.57s/it]  1%|          | 75/9263 [05:09<12:46:58,  5.01s/it]  1%|          | 80/9263 [05:28<11:59:15,  4.70s/it]  1%|          | 85/9263 [05:54<12:17:06,  4.82s/it]  1%|          | 90/9263 [06:21<12:44:00,  5.00s/it]  1%|          | 95/9263 [06:45<12:38:30,  4.96s/it]  1%|          | 100/9263 [07:09<12:25:35,  4.88s/it]  1%|          | 101/9263 [07:09<11:28:02,  4.51s/it]  1%|          | 101/9263 [07:20<11:28:02,  4.51s/it]  1%|          | 105/9263 [07:28<11:39:18,  4.58s/it]  1%|          | 110/9263 [07:57<12:40:53,  4.99s/it]  1%|          | 115/9263 [08:15<11:33:02,  4.55s/it]  1%|▏         | 120/9263 [08:42<12:13:00,  4.81s/it]  1%|▏         | 125/9263 [09:04<11:56:30,  4.70s/it]  1%|▏         | 130/9263 [09:28<11:59:26,  4.73s/it]  1%|▏         | 135/9263 [09:49<11:36:38,  4.58s/it]  2%|▏         | 140/9263 [10:14<11:50:25,  4.67s/it]  2%|▏         | 145/9263 [10:39<12:10:17,  4.81s/it]  2%|▏         | 150/9263 [10:58<11:19:47,  4.48s/it]  2%|▏         | 155/9263 [11:23<11:41:33,  4.62s/it]  2%|▏         | 160/9263 [11:39<10:36:03,  4.19s/it]  2%|▏         | 165/9263 [12:08<11:54:14,  4.71s/it]  2%|▏         | 170/9263 [12:26<11:00:48,  4.36s/it]  2%|▏         | 175/9263 [12:49<11:16:03,  4.46s/it]  2%|▏         | 180/9263 [13:12<11:21:47,  4.50s/it]  2%|▏         | 185/9263 [13:37<11:39:02,  4.62s/it]  2%|▏         | 190/9263 [14:03<12:06:24,  4.80s/it]  2%|▏         | 195/9263 [14:27<12:06:56,  4.81s/it]  2%|▏         | 200/9263 [14:53<12:23:37,  4.92s/it]  2%|▏         | 205/9263 [15:12<11:29:25,  4.57s/it]  2%|▏         | 210/9263 [15:42<12:37:00,  5.02s/it]  2%|▏         | 215/9263 [15:59<11:23:23,  4.53s/it]  2%|▏         | 220/9263 [16:27<12:10:21,  4.85s/it]  2%|▏         | 225/9263 [16:44<11:01:07,  4.39s/it]  2%|▏         | 230/9263 [17:08<11:24:04,  4.54s/it]  3%|▎         | 235/9263 [17:33<11:41:21,  4.66s/it]  3%|▎         | 240/9263 [18:03<12:42:50,  5.07s/it]  3%|▎         | 245/9263 [18:23<11:53:06,  4.74s/it]  3%|▎         | 250/9263 [18:48<12:04:30,  4.82s/it]  3%|▎         | 255/9263 [19:06<11:07:22,  4.45s/it]  3%|▎         | 260/9263 [19:30<11:26:34,  4.58s/it]  3%|▎         | 265/9263 [19:54<11:35:18,  4.64s/it]  3%|▎         | 270/9263 [20:15<11:11:26,  4.48s/it]  3%|▎         | 275/9263 [20:32<10:28:01,  4.19s/it]  3%|▎         | 280/9263 [20:57<11:03:09,  4.43s/it]  3%|▎         | 285/9263 [21:18<10:51:15,  4.35s/it]  3%|▎         | 290/9263 [21:34<10:02:42,  4.03s/it]  3%|▎         | 295/9263 [21:58<10:34:02,  4.24s/it]  3%|▎         | 300/9263 [22:20<10:44:47,  4.32s/it]  3%|▎         | 305/9263 [22:39<10:21:39,  4.16s/it]  3%|▎         | 310/9263 [23:02<10:32:01,  4.24s/it]  3%|▎         | 315/9263 [23:32<11:55:08,  4.80s/it]  3%|▎         | 320/9263 [23:51<11:09:33,  4.49s/it]  4%|▎         | 325/9263 [24:18<11:48:15,  4.75s/it]  4%|▎         | 330/9263 [24:38<11:15:10,  4.53s/it]  4%|▎         | 335/9263 [24:58<10:56:15,  4.41s/it]  4%|▎         | 340/9263 [25:29<12:06:59,  4.89s/it]  4%|▎         | 345/9263 [25:49<11:31:37,  4.65s/it]  4%|▍         | 350/9263 [26:12<11:24:57,  4.61s/it]  4%|▍         | 355/9263 [26:37<11:47:04,  4.76s/it]  4%|▍         | 360/9263 [26:59<11:29:24,  4.65s/it]  4%|▍         | 365/9263 [27:30<12:36:53,  5.10s/it]  4%|▍         | 370/9263 [27:47<11:18:20,  4.58s/it]  4%|▍         | 375/9263 [28:12<11:36:01,  4.70s/it]  4%|▍         | 380/9263 [28:30<10:54:29,  4.42s/it]  4%|▍         | 385/9263 [28:56<11:25:17,  4.63s/it]  4%|▍         | 390/9263 [29:14<10:34:29,  4.29s/it]  4%|▍         | 395/9263 [29:43<11:49:13,  4.80s/it]  4%|▍         | 400/9263 [30:01<10:54:10,  4.43s/it]  4%|▍         | 405/9263 [30:24<11:01:37,  4.48s/it]  4%|▍         | 410/9263 [30:53<11:54:23,  4.84s/it]  4%|▍         | 415/9263 [31:10<10:56:24,  4.45s/it]  5%|▍         | 420/9263 [31:34<11:03:59,  4.51s/it]  5%|▍         | 425/9263 [32:13<13:31:13,  5.51s/it]  5%|▍         | 430/9263 [32:32<12:20:00,  5.03s/it]  5%|▍         | 435/9263 [33:01<12:48:18,  5.22s/it]  5%|▍         | 440/9263 [33:18<11:28:35,  4.68s/it]  5%|▍         | 445/9263 [33:39<11:05:50,  4.53s/it]  5%|▍         | 450/9263 [34:10<12:23:10,  5.06s/it]  5%|▍         | 455/9263 [34:28<11:13:58,  4.59s/it]  5%|▍         | 460/9263 [34:49<11:02:27,  4.52s/it]  5%|▌         | 465/9263 [35:12<11:01:43,  4.51s/it]  5%|▌         | 470/9263 [35:36<11:15:35,  4.61s/it]  5%|▌         | 475/9263 [35:57<10:53:17,  4.46s/it]  5%|▌         | 480/9263 [36:20<11:00:27,  4.51s/it]  5%|▌         | 485/9263 [36:45<11:22:39,  4.67s/it]  5%|▌         | 490/9263 [37:11<11:43:58,  4.81s/it]  5%|▌         | 495/9263 [37:34<11:35:05,  4.76s/it]  5%|▌         | 500/9263 [38:00<11:53:30,  4.89s/it]  5%|▌         | 505/9263 [38:22<11:36:38,  4.77s/it]  6%|▌         | 510/9263 [38:53<12:34:47,  5.17s/it]  6%|▌         | 515/9263 [39:14<11:53:56,  4.90s/it]  6%|▌         | 520/9263 [39:38<11:47:07,  4.85s/it]  6%|▌         | 525/9263 [40:03<11:57:06,  4.92s/it]  6%|▌         | 530/9263 [40:30<12:15:33,  5.05s/it]  6%|▌         | 535/9263 [40:58<12:37:56,  5.21s/it]  6%|▌         | 540/9263 [41:13<11:02:21,  4.56s/it]  6%|▌         | 545/9263 [41:34<10:42:13,  4.42s/it]  6%|▌         | 550/9263 [41:59<11:09:58,  4.61s/it]  6%|▌         | 555/9263 [42:16<10:16:52,  4.25s/it]  6%|▌         | 560/9263 [42:41<10:46:50,  4.46s/it]  6%|▌         | 565/9263 [43:02<10:40:55,  4.42s/it]  6%|▌         | 570/9263 [43:20<10:00:21,  4.14s/it]  6%|▌         | 575/9263 [43:48<11:06:31,  4.60s/it]  6%|▋         | 580/9263 [44:08<10:35:46,  4.39s/it]  6%|▋         | 585/9263 [44:36<11:26:27,  4.75s/it]  6%|▋         | 590/9263 [44:50<10:01:05,  4.16s/it]  6%|▋         | 595/9263 [45:11<10:06:25,  4.20s/it]  6%|▋         | 596/9263 [45:11<9:20:28,  3.88s/it]   6%|▋         | 600/9263 [45:35<10:54:54,  4.54s/it]  7%|▋         | 605/9263 [46:04<11:58:44,  4.98s/it]  7%|▋         | 610/9263 [46:22<10:55:41,  4.55s/it]  7%|▋         | 615/9263 [46:52<12:01:54,  5.01s/it]  7%|▋         | 620/9263 [47:09<10:48:11,  4.50s/it]  7%|▋         | 625/9263 [47:32<10:45:53,  4.49s/it]  7%|▋         | 630/9263 [47:51<10:22:10,  4.32s/it]  7%|▋         | 635/9263 [48:19<11:10:11,  4.66s/it]  7%|▋         | 640/9263 [48:39<10:44:23,  4.48s/it]  7%|▋         | 645/9263 [49:00<10:35:55,  4.43s/it]  7%|▋         | 650/9263 [49:21<10:26:13,  4.36s/it]  7%|▋         | 655/9263 [49:47<11:00:01,  4.60s/it]  7%|▋         | 660/9263 [50:08<10:44:10,  4.49s/it]  7%|▋         | 665/9263 [50:26<10:02:49,  4.21s/it]  7%|▋         | 670/9263 [50:48<10:13:22,  4.28s/it]  7%|▋         | 675/9263 [51:11<10:23:05,  4.35s/it]  7%|▋         | 680/9263 [51:37<11:02:35,  4.63s/it]  7%|▋         | 685/9263 [51:57<10:29:51,  4.41s/it]  7%|▋         | 690/9263 [52:19<10:30:21,  4.41s/it]  8%|▊         | 695/9263 [52:37<9:51:29,  4.14s/it]   8%|▊         | 700/9263 [53:00<10:18:45,  4.34s/it]  8%|▊         | 705/9263 [53:19<9:51:18,  4.15s/it]   8%|▊         | 710/9263 [53:44<10:31:10,  4.43s/it]  8%|▊         | 715/9263 [54:00<9:34:45,  4.03s/it]   8%|▊         | 720/9263 [54:21<9:40:02,  4.07s/it]  8%|▊         | 725/9263 [54:44<10:03:28,  4.24s/it]  8%|▊         | 730/9263 [55:03<9:42:15,  4.09s/it]   8%|▊         | 735/9263 [55:23<9:37:07,  4.06s/it]  8%|▊         | 740/9263 [55:44<9:48:48,  4.15s/it]  8%|▊         | 745/9263 [56:10<10:32:02,  4.45s/it]  8%|▊         | 750/9263 [56:34<10:43:47,  4.54s/it]  8%|▊         | 755/9263 [56:54<10:25:37,  4.41s/it]  8%|▊         | 760/9263 [57:16<10:24:16,  4.41s/it]  8%|▊         | 765/9263 [57:43<11:00:52,  4.67s/it]  8%|▊         | 770/9263 [58:04<10:40:40,  4.53s/it]  8%|▊         | 775/9263 [58:27<10:49:08,  4.59s/it]  8%|▊         | 780/9263 [58:46<10:07:38,  4.30s/it]  8%|▊         | 785/9263 [59:11<10:36:25,  4.50s/it]  9%|▊         | 790/9263 [59:33<10:35:47,  4.50s/it]  9%|▊         | 795/9263 [59:56<10:43:37,  4.56s/it]  9%|▊         | 800/9263 [1:00:22<11:09:23,  4.75s/it]  9%|▊         | 805/9263 [1:00:40<10:19:11,  4.39s/it]  9%|▊         | 810/9263 [1:01:10<11:21:38,  4.84s/it]  9%|▉         | 815/9263 [1:01:29<10:42:30,  4.56s/it]  9%|▉         | 820/9263 [1:01:53<10:52:08,  4.63s/it]  9%|▉         | 825/9263 [1:02:20<11:21:37,  4.85s/it]  9%|▉         | 830/9263 [1:02:43<11:13:51,  4.79s/it]  9%|▉         | 835/9263 [1:03:07<11:15:15,  4.81s/it]  9%|▉         | 840/9263 [1:03:26<10:30:19,  4.49s/it]  9%|▉         | 845/9263 [1:03:50<10:42:45,  4.58s/it]  9%|▉         | 850/9263 [1:04:10<10:16:51,  4.40s/it]  9%|▉         | 855/9263 [1:04:34<10:35:53,  4.54s/it]  9%|▉         | 860/9263 [1:04:51<9:44:33,  4.17s/it]   9%|▉         | 865/9263 [1:05:15<10:07:28,  4.34s/it]  9%|▉         | 870/9263 [1:05:37<10:11:17,  4.37s/it]  9%|▉         | 875/9263 [1:06:00<10:22:50,  4.46s/it] 10%|▉         | 880/9263 [1:06:29<11:21:28,  4.88s/it] 10%|▉         | 885/9263 [1:06:45<10:06:18,  4.34s/it] 10%|▉         | 890/9263 [1:07:13<10:55:45,  4.70s/it] 10%|▉         | 895/9263 [1:07:35<10:49:34,  4.66s/it] 10%|▉         | 900/9263 [1:07:53<10:02:19,  4.32s/it] 10%|▉         | 905/9263 [1:08:18<10:28:46,  4.51s/it] 10%|▉         | 910/9263 [1:08:39<10:19:01,  4.45s/it] 10%|▉         | 915/9263 [1:09:01<10:12:38,  4.40s/it] 10%|▉         | 920/9263 [1:09:20<9:46:48,  4.22s/it]  10%|▉         | 925/9263 [1:09:41<9:44:02,  4.20s/it] 10%|█         | 930/9263 [1:10:07<10:24:45,  4.50s/it] 10%|█         | 935/9263 [1:10:30<10:29:22,  4.53s/it] 10%|█         | 940/9263 [1:10:48<9:50:27,  4.26s/it]  10%|█         | 945/9263 [1:11:12<10:13:36,  4.43s/it] 10%|█         | 950/9263 [1:11:30<9:40:24,  4.19s/it]  10%|█         | 955/9263 [1:11:53<9:56:53,  4.31s/it] 10%|█         | 960/9263 [1:12:11<9:29:52,  4.12s/it] 10%|█         | 965/9263 [1:12:40<10:35:48,  4.60s/it] 10%|█         | 970/9263 [1:12:54<9:20:12,  4.05s/it]  11%|█         | 975/9263 [1:13:22<10:27:44,  4.54s/it] 11%|█         | 980/9263 [1:13:39<9:40:30,  4.21s/it]  11%|█         | 985/9263 [1:14:08<10:41:41,  4.65s/it] 11%|█         | 990/9263 [1:14:25<9:51:47,  4.29s/it]  11%|█         | 995/9263 [1:14:47<9:54:25,  4.31s/it] 11%|█         | 1000/9263 [1:15:12<10:26:46,  4.55s/it] 11%|█         | 1005/9263 [1:15:33<10:07:21,  4.41s/it] 11%|█         | 1010/9263 [1:16:04<11:20:39,  4.95s/it] 11%|█         | 1015/9263 [1:16:19<9:59:29,  4.36s/it]  11%|█         | 1020/9263 [1:16:45<10:38:19,  4.65s/it] 11%|█         | 1025/9263 [1:17:09<10:44:21,  4.69s/it] 11%|█         | 1030/9263 [1:17:30<10:25:05,  4.56s/it] 11%|█         | 1035/9263 [1:17:52<10:15:59,  4.49s/it] 11%|█         | 1040/9263 [1:18:15<10:20:02,  4.52s/it] 11%|█▏        | 1045/9263 [1:18:39<10:30:04,  4.60s/it] 11%|█▏        | 1050/9263 [1:19:01<10:23:09,  4.55s/it] 11%|█▏        | 1055/9263 [1:19:24<10:22:55,  4.55s/it] 11%|█▏        | 1060/9263 [1:19:48<10:32:12,  4.62s/it] 11%|█▏        | 1065/9263 [1:20:07<10:00:19,  4.39s/it] 12%|█▏        | 1070/9263 [1:20:34<10:38:37,  4.68s/it] 12%|█▏        | 1075/9263 [1:20:53<9:59:54,  4.40s/it]  12%|█▏        | 1080/9263 [1:21:23<11:10:41,  4.92s/it] 12%|█▏        | 1085/9263 [1:21:39<9:53:18,  4.35s/it]  12%|█▏        | 1090/9263 [1:22:07<10:44:49,  4.73s/it] 12%|█▏        | 1095/9263 [1:22:23<9:41:33,  4.27s/it]  12%|█▏        | 1100/9263 [1:22:47<10:03:35,  4.44s/it] 12%|█▏        | 1105/9263 [1:23:11<10:20:25,  4.56s/it] 12%|█▏        | 1110/9263 [1:23:34<10:23:29,  4.59s/it] 12%|█▏        | 1115/9263 [1:23:57<10:24:32,  4.60s/it] 12%|█▏        | 1120/9263 [1:24:20<10:17:28,  4.55s/it] 12%|█▏        | 1125/9263 [1:24:45<10:38:46,  4.71s/it] 12%|█▏        | 1130/9263 [1:25:09<10:44:50,  4.76s/it] 12%|█▏        | 1135/9263 [1:25:26<9:49:55,  4.35s/it]  12%|█▏        | 1140/9263 [1:25:47<9:40:27,  4.29s/it] 12%|█▏        | 1145/9263 [1:26:15<10:32:22,  4.67s/it] 12%|█▏        | 1150/9263 [1:26:32<9:37:40,  4.27s/it]  12%|█▏        | 1155/9263 [1:26:54<9:42:38,  4.31s/it] 13%|█▎        | 1160/9263 [1:27:14<9:30:30,  4.22s/it] 13%|█▎        | 1165/9263 [1:27:36<9:41:12,  4.31s/it] 13%|█▎        | 1170/9263 [1:28:03<10:22:04,  4.61s/it] 13%|█▎        | 1175/9263 [1:28:20<9:37:41,  4.29s/it]  13%|█▎        | 1180/9263 [1:28:48<10:25:48,  4.65s/it] 13%|█▎        | 1185/9263 [1:29:06<9:43:38,  4.34s/it]  13%|█▎        | 1190/9263 [1:29:32<10:16:51,  4.58s/it] 13%|█▎        | 1195/9263 [1:29:50<9:42:30,  4.33s/it]  13%|█▎        | 1200/9263 [1:30:11<9:30:04,  4.24s/it] 13%|█▎        | 1205/9263 [1:30:39<10:29:22,  4.69s/it] 13%|█▎        | 1210/9263 [1:30:56<9:38:00,  4.31s/it]  13%|█▎        | 1215/9263 [1:31:14<9:06:28,  4.07s/it] 13%|█▎        | 1220/9263 [1:31:39<9:44:04,  4.36s/it] 13%|█▎        | 1225/9263 [1:32:03<9:57:18,  4.46s/it] 13%|█▎        | 1230/9263 [1:32:21<9:21:57,  4.20s/it] 13%|█▎        | 1235/9263 [1:32:45<9:52:11,  4.43s/it] 13%|█▎        | 1240/9263 [1:33:06<9:40:58,  4.34s/it] 13%|█▎        | 1245/9263 [1:33:33<10:23:08,  4.66s/it] 13%|█▎        | 1250/9263 [1:33:51<9:39:46,  4.34s/it]  14%|█▎        | 1255/9263 [1:34:17<10:10:02,  4.57s/it] 14%|█▎        | 1260/9263 [1:34:34<9:27:51,  4.26s/it]  14%|█▎        | 1265/9263 [1:34:59<9:55:41,  4.47s/it] 14%|█▎        | 1270/9263 [1:35:20<9:42:54,  4.38s/it] 14%|█▍        | 1275/9263 [1:35:49<10:36:50,  4.78s/it] 14%|█▍        | 1280/9263 [1:36:11<10:27:34,  4.72s/it] 14%|█▍        | 1285/9263 [1:36:30<9:50:45,  4.44s/it]  14%|█▍        | 1290/9263 [1:36:59<10:44:43,  4.85s/it] 14%|█▍        | 1295/9263 [1:37:14<9:24:37,  4.25s/it]  14%|█▍        | 1300/9263 [1:37:37<9:39:36,  4.37s/it] 14%|█▍        | 1305/9263 [1:37:56<9:19:39,  4.22s/it] 14%|█▍        | 1310/9263 [1:38:22<9:56:47,  4.50s/it] 14%|█▍        | 1315/9263 [1:38:46<10:07:02,  4.58s/it] 14%|█▍        | 1320/9263 [1:39:11<10:23:15,  4.71s/it] 14%|█▍        | 1325/9263 [1:39:30<9:51:07,  4.47s/it]  14%|█▍        | 1330/9263 [1:40:00<10:50:39,  4.92s/it] 14%|█▍        | 1335/9263 [1:40:17<9:51:03,  4.47s/it]  14%|█▍        | 1340/9263 [1:40:36<9:17:43,  4.22s/it] 15%|█▍        | 1345/9263 [1:40:56<9:11:06,  4.18s/it] 15%|█▍        | 1350/9263 [1:41:25<10:12:39,  4.65s/it] 15%|█▍        | 1355/9263 [1:41:42<9:26:34,  4.30s/it]  15%|█▍        | 1360/9263 [1:42:09<10:12:51,  4.65s/it] 15%|█▍        | 1365/9263 [1:42:30<9:53:31,  4.51s/it]  15%|█▍        | 1370/9263 [1:42:52<9:49:05,  4.48s/it] 15%|█▍        | 1375/9263 [1:43:13<9:31:11,  4.34s/it] 15%|█▍        | 1380/9263 [1:43:35<9:37:01,  4.39s/it] 15%|█▍        | 1385/9263 [1:44:04<10:28:33,  4.79s/it] 15%|█▌        | 1390/9263 [1:44:23<9:53:57,  4.53s/it]  15%|█▌        | 1395/9263 [1:44:45<9:44:26,  4.46s/it] 15%|█▌        | 1400/9263 [1:45:14<10:36:24,  4.86s/it] 15%|█▌        | 1405/9263 [1:45:31<9:45:31,  4.47s/it]  15%|█▌        | 1410/9263 [1:45:53<9:35:05,  4.39s/it] 15%|█▌        | 1415/9263 [1:46:21<10:27:51,  4.80s/it] 15%|█▌        | 1420/9263 [1:46:36<9:17:19,  4.26s/it]  15%|█▌        | 1425/9263 [1:47:05<10:15:26,  4.71s/it] 15%|█▌        | 1430/9263 [1:47:24<9:35:25,  4.41s/it]  15%|█▌        | 1435/9263 [1:47:53<10:34:41,  4.86s/it] 16%|█▌        | 1440/9263 [1:48:08<9:19:51,  4.29s/it]  16%|█▌        | 1445/9263 [1:48:37<10:15:27,  4.72s/it] 16%|█▌        | 1450/9263 [1:48:57<9:48:01,  4.52s/it]  16%|█▌        | 1455/9263 [1:49:19<9:40:16,  4.46s/it] 16%|█▌        | 1460/9263 [1:49:40<9:37:10,  4.44s/it] 16%|█▌        | 1465/9263 [1:50:03<9:42:16,  4.48s/it] 16%|█▌        | 1470/9263 [1:50:27<9:49:15,  4.54s/it] 16%|█▌        | 1475/9263 [1:50:51<9:59:12,  4.62s/it] 16%|█▌        | 1480/9263 [1:51:21<10:55:47,  5.06s/it] 16%|█▌        | 1485/9263 [1:51:40<10:04:39,  4.66s/it] 16%|█▌        | 1490/9263 [1:52:02<9:57:01,  4.61s/it]  16%|█▌        | 1495/9263 [1:52:25<9:51:51,  4.57s/it] 16%|█▌        | 1500/9263 [1:52:43<9:19:17,  4.32s/it] 16%|█▌        | 1505/9263 [1:53:10<9:54:12,  4.60s/it] 16%|█▋        | 1510/9263 [1:53:33<9:58:38,  4.63s/it] 16%|█▋        | 1515/9263 [1:53:56<9:55:29,  4.61s/it] 16%|█▋        | 1520/9263 [1:54:16<9:28:53,  4.41s/it] 16%|█▋        | 1525/9263 [1:54:35<9:09:44,  4.26s/it] 17%|█▋        | 1530/9263 [1:54:58<9:24:14,  4.38s/it] 17%|█▋        | 1535/9263 [1:55:23<9:47:34,  4.56s/it] 17%|█▋        | 1540/9263 [1:55:50<10:15:37,  4.78s/it] 17%|█▋        | 1545/9263 [1:56:13<10:10:57,  4.75s/it] 17%|█▋        | 1550/9263 [1:56:37<10:13:49,  4.77s/it] 17%|█▋        | 1555/9263 [1:56:57<9:38:20,  4.50s/it]  17%|█▋        | 1560/9263 [1:57:16<9:09:49,  4.28s/it] 17%|█▋        | 1565/9263 [1:57:38<9:19:54,  4.36s/it] 17%|█▋        | 1570/9263 [1:57:57<8:53:49,  4.16s/it] 17%|█▋        | 1575/9263 [1:58:16<8:42:43,  4.08s/it] 17%|█▋        | 1580/9263 [1:58:38<8:49:17,  4.13s/it] 17%|█▋        | 1585/9263 [1:59:01<9:13:28,  4.33s/it] 17%|█▋        | 1590/9263 [1:59:21<8:56:57,  4.20s/it] 17%|█▋        | 1595/9263 [1:59:50<10:00:22,  4.70s/it] 17%|█▋        | 1600/9263 [2:00:08<9:11:56,  4.32s/it]  17%|█▋        | 1605/9263 [2:00:30<9:15:20,  4.35s/it] 17%|█▋        | 1610/9263 [2:00:56<9:47:33,  4.61s/it] 17%|█▋        | 1615/9263 [2:01:12<8:58:03,  4.22s/it] 17%|█▋        | 1620/9263 [2:01:33<8:52:56,  4.18s/it] 18%|█▊        | 1625/9263 [2:01:56<9:09:45,  4.32s/it] 18%|█▊        | 1630/9263 [2:02:17<9:06:41,  4.30s/it] 18%|█▊        | 1635/9263 [2:02:39<9:09:31,  4.32s/it] 18%|█▊        | 1640/9263 [2:03:00<9:05:38,  4.29s/it] 18%|█▊        | 1645/9263 [2:03:23<9:12:51,  4.35s/it] 18%|█▊        | 1650/9263 [2:03:51<9:59:29,  4.72s/it] 18%|█▊        | 1655/9263 [2:04:12<9:41:37,  4.59s/it] 18%|█▊        | 1660/9263 [2:04:29<8:56:53,  4.24s/it] 18%|█▊        | 1665/9263 [2:04:50<8:57:49,  4.25s/it] 18%|█▊        | 1670/9263 [2:05:12<9:01:37,  4.28s/it] 18%|█▊        | 1675/9263 [2:05:35<9:09:42,  4.35s/it] 18%|█▊        | 1680/9263 [2:06:03<9:56:13,  4.72s/it] 18%|█▊        | 1685/9263 [2:06:25<9:50:16,  4.67s/it] 18%|█▊        | 1690/9263 [2:06:42<8:57:34,  4.26s/it] 18%|█▊        | 1695/9263 [2:07:11<9:55:49,  4.72s/it] 18%|█▊        | 1700/9263 [2:07:25<8:43:26,  4.15s/it] 18%|█▊        | 1705/9263 [2:07:45<8:36:56,  4.10s/it] 18%|█▊        | 1710/9263 [2:08:06<8:37:56,  4.11s/it] 19%|█▊        | 1715/9263 [2:08:30<9:03:40,  4.32s/it] 19%|█▊        | 1720/9263 [2:08:50<8:55:52,  4.26s/it] 19%|█▊        | 1725/9263 [2:09:14<9:13:18,  4.40s/it] 19%|█▊        | 1730/9263 [2:09:42<9:58:45,  4.77s/it] 19%|█▊        | 1735/9263 [2:10:00<9:13:47,  4.41s/it] 19%|█▉        | 1740/9263 [2:10:22<9:14:45,  4.42s/it] 19%|█▉        | 1745/9263 [2:10:46<9:24:31,  4.51s/it] 19%|█▉        | 1750/9263 [2:11:08<9:24:48,  4.51s/it] 19%|█▉        | 1755/9263 [2:11:35<9:54:15,  4.75s/it] 19%|█▉        | 1760/9263 [2:11:53<9:09:30,  4.39s/it] 19%|█▉        | 1765/9263 [2:12:20<9:51:51,  4.74s/it] 19%|█▉        | 1770/9263 [2:12:39<9:16:24,  4.46s/it] 19%|█▉        | 1775/9263 [2:13:05<9:39:26,  4.64s/it] 19%|█▉        | 1780/9263 [2:13:23<9:02:19,  4.35s/it] 19%|█▉        | 1785/9263 [2:13:48<9:25:36,  4.54s/it] 19%|█▉        | 1790/9263 [2:14:05<8:41:46,  4.19s/it] 19%|█▉        | 1795/9263 [2:14:34<9:41:27,  4.67s/it] 19%|█▉        | 1800/9263 [2:14:52<8:59:05,  4.33s/it] 19%|█▉        | 1805/9263 [2:15:15<9:14:45,  4.46s/it] 20%|█▉        | 1810/9263 [2:15:44<10:04:21,  4.87s/it] 20%|█▉        | 1815/9263 [2:16:08<9:58:38,  4.82s/it]  20%|█▉        | 1820/9263 [2:16:27<9:19:16,  4.51s/it] 20%|█▉        | 1825/9263 [2:16:53<9:42:49,  4.70s/it] 20%|█▉        | 1830/9263 [2:17:14<9:23:23,  4.55s/it] 20%|█▉        | 1835/9263 [2:17:34<9:08:10,  4.43s/it] 20%|█▉        | 1840/9263 [2:17:55<8:59:53,  4.36s/it] 20%|█▉        | 1845/9263 [2:18:13<8:25:17,  4.09s/it] 20%|█▉        | 1850/9263 [2:18:37<8:50:21,  4.29s/it] 20%|██        | 1855/9263 [2:18:54<8:19:40,  4.05s/it] 20%|██        | 1860/9263 [2:19:22<9:17:26,  4.52s/it] 20%|██        | 1865/9263 [2:19:38<8:26:16,  4.11s/it]Token indices sequence length is longer than the specified maximum sequence length for this model (542 > 512). Running this sequence through the model will result in indexing errors
joblib.externals.loky.process_executor._RemoteTraceback: 
"""
Traceback (most recent call last):
  File "/home/mabdallah/miniconda3/lib/python3.11/site-packages/joblib/externals/loky/process_executor.py", line 463, in _process_worker
    r = call_item()
        ^^^^^^^^^^^
  File "/home/mabdallah/miniconda3/lib/python3.11/site-packages/joblib/externals/loky/process_executor.py", line 291, in __call__
    return self.fn(*self.args, **self.kwargs)
           ^^^^^^^^^^^^^^^^^^^^^^^^^^^^^^^^^^
  File "/home/mabdallah/miniconda3/lib/python3.11/site-packages/joblib/parallel.py", line 589, in __call__
    return [func(*args, **kwargs)
           ^^^^^^^^^^^^^^^^^^^^^^
  File "/home/mabdallah/miniconda3/lib/python3.11/site-packages/joblib/parallel.py", line 589, in <listcomp>
    return [func(*args, **kwargs)
            ^^^^^^^^^^^^^^^^^^^^^
  File "/scratch/homedirs/mabdallah/TrialMatchAI/src/entity_recognition.py", line 502, in process_dataframe
    result_df = self.recognize_entities(df)
                ^^^^^^^^^^^^^^^^^^^^^^^^^^^
  File "/scratch/homedirs/mabdallah/TrialMatchAI/src/entity_recognition.py", line 466, in recognize_entities
    ent = is_entity_negated(sent, e)
          ^^^^^^^^^^^^^^^^^^^^^^^^^^
  File "/scratch/homedirs/mabdallah/TrialMatchAI/src/entity_recognition.py", line 226, in is_entity_negated
    classification = classifier(sentence_with_entity)[0]
                     ^^^^^^^^^^^^^^^^^^^^^^^^^^^^^^^^
  File "/home/mabdallah/miniconda3/lib/python3.11/site-packages/transformers/pipelines/text_classification.py", line 156, in __call__
    result = super().__call__(*args, **kwargs)
             ^^^^^^^^^^^^^^^^^^^^^^^^^^^^^^^^^
  File "/home/mabdallah/miniconda3/lib/python3.11/site-packages/transformers/pipelines/base.py", line 1140, in __call__
    return self.run_single(inputs, preprocess_params, forward_params, postprocess_params)
           ^^^^^^^^^^^^^^^^^^^^^^^^^^^^^^^^^^^^^^^^^^^^^^^^^^^^^^^^^^^^^^^^^^^^^^^^^^^^^^
  File "/home/mabdallah/miniconda3/lib/python3.11/site-packages/transformers/pipelines/base.py", line 1147, in run_single
    model_outputs = self.forward(model_inputs, **forward_params)
                    ^^^^^^^^^^^^^^^^^^^^^^^^^^^^^^^^^^^^^^^^^^^^
  File "/home/mabdallah/miniconda3/lib/python3.11/site-packages/transformers/pipelines/base.py", line 1046, in forward
    model_outputs = self._forward(model_inputs, **forward_params)
                    ^^^^^^^^^^^^^^^^^^^^^^^^^^^^^^^^^^^^^^^^^^^^^
  File "/home/mabdallah/miniconda3/lib/python3.11/site-packages/transformers/pipelines/text_classification.py", line 187, in _forward
    return self.model(**model_inputs)
           ^^^^^^^^^^^^^^^^^^^^^^^^^^
  File "/home/mabdallah/miniconda3/lib/python3.11/site-packages/torch/nn/modules/module.py", line 1501, in _call_impl
    return forward_call(*args, **kwargs)
           ^^^^^^^^^^^^^^^^^^^^^^^^^^^^^
  File "/home/mabdallah/miniconda3/lib/python3.11/site-packages/transformers/models/bert/modeling_bert.py", line 1564, in forward
    outputs = self.bert(
              ^^^^^^^^^^
  File "/home/mabdallah/miniconda3/lib/python3.11/site-packages/torch/nn/modules/module.py", line 1501, in _call_impl
    return forward_call(*args, **kwargs)
           ^^^^^^^^^^^^^^^^^^^^^^^^^^^^^
  File "/home/mabdallah/miniconda3/lib/python3.11/site-packages/transformers/models/bert/modeling_bert.py", line 1006, in forward
    embedding_output = self.embeddings(
                       ^^^^^^^^^^^^^^^^
  File "/home/mabdallah/miniconda3/lib/python3.11/site-packages/torch/nn/modules/module.py", line 1501, in _call_impl
    return forward_call(*args, **kwargs)
           ^^^^^^^^^^^^^^^^^^^^^^^^^^^^^
  File "/home/mabdallah/miniconda3/lib/python3.11/site-packages/transformers/models/bert/modeling_bert.py", line 238, in forward
    embeddings += position_embeddings
RuntimeError: The size of tensor a (542) must match the size of tensor b (512) at non-singleton dimension 1
"""

The above exception was the direct cause of the following exception:

Traceback (most recent call last):
  File "/scratch/homedirs/mabdallah/TrialMatchAI/src/entity_recognition.py", line 524, in <module>
    entities = reco()
               ^^^^^^
  File "/scratch/homedirs/mabdallah/TrialMatchAI/src/entity_recognition.py", line 509, in __call__
    parallel_runner(delayed(process_dataframe)(df) for df in all_df)
  File "/scratch/homedirs/mabdallah/TrialMatchAI/src/entity_recognition.py", line 108, in tmp
    return joblib.Parallel(n_jobs=joblib_args.get("n_jobs", 10))(bar_func(op_iter))
           ^^^^^^^^^^^^^^^^^^^^^^^^^^^^^^^^^^^^^^^^^^^^^^^^^^^^^^^^^^^^^^^^^^^^^^^^
  File "/home/mabdallah/miniconda3/lib/python3.11/site-packages/joblib/parallel.py", line 1952, in __call__
    return output if self.return_generator else list(output)
                                                ^^^^^^^^^^^^
  File "/home/mabdallah/miniconda3/lib/python3.11/site-packages/joblib/parallel.py", line 1595, in _get_outputs
    yield from self._retrieve()
  File "/home/mabdallah/miniconda3/lib/python3.11/site-packages/joblib/parallel.py", line 1699, in _retrieve
    self._raise_error_fast()
  File "/home/mabdallah/miniconda3/lib/python3.11/site-packages/joblib/parallel.py", line 1734, in _raise_error_fast
    error_job.get_result(self.timeout)
  File "/home/mabdallah/miniconda3/lib/python3.11/site-packages/joblib/parallel.py", line 736, in get_result
    return self._return_or_raise()
           ^^^^^^^^^^^^^^^^^^^^^^^
  File "/home/mabdallah/miniconda3/lib/python3.11/site-packages/joblib/parallel.py", line 754, in _return_or_raise
    raise self._result
RuntimeError: The size of tensor a (542) must match the size of tensor b (512) at non-singleton dimension 1
